## ------------------------------------------------ ##
## Open-COBOL-ESQL-1.2 test suite: cobol data test. ##
## ------------------------------------------------ ##

cobol_data: command line was:
  $ ./cobol_data 

## --------- ##
## Platform. ##
## --------- ##

hostname = fv-az198-498
uname -m = x86_64
uname -r = 5.11.0-1028-azure
uname -s = Linux
uname -v = #31~20.04.2-Ubuntu SMP Tue Jan 18 08:46:15 UTC 2022

/usr/bin/uname -p = x86_64
/bin/uname -X     = unknown

/bin/arch              = x86_64
/usr/bin/arch -k       = unknown
/usr/convex/getsysinfo = unknown
/usr/bin/hostinfo      = unknown
/bin/machine           = unknown
/usr/bin/oslevel       = unknown
/bin/universe          = unknown

PATH: /home/linuxbrew/.linuxbrew/bin
PATH: /home/linuxbrew/.linuxbrew/sbin
PATH: /opt/pipx_bin
PATH: /home/runner/.cargo/bin
PATH: /usr/local/.ghcup/bin
PATH: /home/runner/.dotnet/tools
PATH: /snap/bin
PATH: /usr/local/sbin
PATH: /usr/local/bin
PATH: /usr/sbin
PATH: /usr/bin
PATH: /sbin
PATH: /bin
PATH: /usr/games
PATH: /usr/local/games

cobol_data: atlocal:
| COBC="cobc -locesql"
| OCESQL=ocesql
| EMBED_DB_INFO="sh ../../embed_db_info.sh"
| COMPILE="${COBC} -I ../../"
| COMPILE_MODULE="${COMPILE} -m"
| RUN_MODULE="LD_PRELOAD=/usr/local/lib/libocesql.so cobcrun"
## ---------------- ##
## Tested programs. ##
## ---------------- ##

/cobol_data.at:1: /usr/local/bin/ocesql --version
Open Cobol ESQL (Ocesql)
Version 1.2.0

April 19, 2019

Tokyo System House Co., Ltd. <opencobol@tsh-world.co.jp>

## ------------------ ##
## Running the tests. ##
## ------------------ ##
cobol_data: starting at: Fri Mar  4 21:18:31 UTC 2022
cobol_data: ending at: Fri Mar  4 21:18:31 UTC 2022
cobol_data: test suite duration: 0h 0m 0s

## ------------- ##
## Test results. ##
## ------------- ##

ERROR: All 4 tests were run,
4 failed unexpectedly.

## ------------------------ ##
## Summary of the failures. ##
## ------------------------ ##
Failed tests:
Open-COBOL-ESQL-1.2 test suite: cobol data test test groups:

 NUM: FILE-NAME:LINE     TEST-GROUP-NAME
      KEYWORDS

   1: numeric_signed_v.at:1 numeric_signed_v
   2: numeric_v.at:1     numeric_v
   3: alphanumeric.at:1  alphanumeric
   4: japanese.at:1      japanese

## ---------------------- ##
## Detailed failed tests. ##
## ---------------------- ##

#                             -*- compilation -*-
1. numeric_signed_v.at:1: testing numeric_signed_v ...
/numeric_signed_v.at:227: ocesql prog.cbl prog.cob > /dev/null
/numeric_signed_v.at:228: ${EMBED_DB_INFO} prog.cob
/numeric_signed_v.at:229: ${COMPILE_MODULE} prog.cob
/numeric_signed_v.at:230: ${RUN_MODULE} prog 2> /dev/null
--- -	2022-03-04 21:18:31.507118947 +0000
+++ /home/runner/work/Open-COBOL-ESQL/Open-COBOL-ESQL/Open-COBOL-ESQL/tests/cobol_data.dir/at-groups/1/stdout	2022-03-04 21:18:31.503718938 +0000
@@ -1,31 +1 @@
-+0000.00
-+0000.01
--0000.01
-+0001.01
--0001.01
-+0010.10
--0010.10
-+1234.56
-+9999.99
--9999.99
-+000000
-+000100
--000100
-+110000
--110000
-+123000
--012300
-+100000
-+999900
--999900
-+0000
-+0001
--0001
-+0010
--0010
-+0100
--0100
-+1000
-+9999
--9999
 
/numeric_signed_v.at:230: exit code was 127, expected 0
1. numeric_signed_v.at:1: 1. numeric_signed_v (numeric_signed_v.at:1): FAILED (numeric_signed_v.at:230)

#                             -*- compilation -*-
2. numeric_v.at:1: testing numeric_v ...
/numeric_v.at:227: ocesql prog.cbl prog.cob > /dev/null
/numeric_v.at:228: ${EMBED_DB_INFO} prog.cob
/numeric_v.at:229: ${COMPILE_MODULE} prog.cob
/numeric_v.at:230: ${RUN_MODULE} prog 2> /dev/null
--- -	2022-03-04 21:18:31.646898441 +0000
+++ /home/runner/work/Open-COBOL-ESQL/Open-COBOL-ESQL/Open-COBOL-ESQL/tests/cobol_data.dir/at-groups/2/stdout	2022-03-04 21:18:31.643727546 +0000
@@ -1,31 +1 @@
-0000.00
-0000.01
-0000.10
-0001.01
-0001.10
-2000.00
-2000.01
-1234.56
-1234.00
-9999.99
-000000
-000100
-000200
-003000
-110000
-123400
-666600
-777700
-888800
-999900
-0000
-0001
-0002
-0010
-0020
-0100
-0200
-1000
-2000
-9999
 
/numeric_v.at:230: exit code was 127, expected 0
2. numeric_v.at:1: 2. numeric_v (numeric_v.at:1): FAILED (numeric_v.at:230)

#                             -*- compilation -*-
3. alphanumeric.at:1: testing alphanumeric ...
/alphanumeric.at:119: ocesql prog.cbl prog.cob > /dev/null
/alphanumeric.at:120: ${EMBED_DB_INFO} prog.cob
/alphanumeric.at:121: ${COMPILE_MODULE} prog.cob
/alphanumeric.at:122: ${RUN_MODULE} prog 2> /dev/null
--- -	2022-03-04 21:18:31.765206115 +0000
+++ /home/runner/work/Open-COBOL-ESQL/Open-COBOL-ESQL/Open-COBOL-ESQL/tests/cobol_data.dir/at-groups/3/stdout	2022-03-04 21:18:31.759734679 +0000
@@ -1,11 +1 @@
-xxxxxxxxxx
-abcdefghij
-1234567890
-abc_______
-??????????
-{}^|!%#$()
-‚ ‚¢‚¤‚¦‚¨
-“ú–{Œêaaaa
-‚P‚Q‚R‚S‚T
-ƒvƒƒOƒ‰ƒ€
 
/alphanumeric.at:122: exit code was 127, expected 0
3. alphanumeric.at:1: 3. alphanumeric (alphanumeric.at:1): FAILED (alphanumeric.at:122)

#                             -*- compilation -*-
4. japanese.at:1: testing japanese ...
/japanese.at:119: ocesql prog.cbl prog.cob > /dev/null
/japanese.at:120: ${EMBED_DB_INFO} prog.cob
/japanese.at:121: ${COMPILE_MODULE} prog.cob
/japanese.at:122: ${RUN_MODULE} prog 2> /dev/null
--- -	2022-03-04 21:18:31.881956194 +0000
+++ /home/runner/work/Open-COBOL-ESQL/Open-COBOL-ESQL/Open-COBOL-ESQL/tests/cobol_data.dir/at-groups/4/stdout	2022-03-04 21:18:31.875741811 +0000
@@ -1,11 +1 @@
-‚ ‚¢‚¤‚¦‚¨
-‚‚‚‚ƒ‚„‚…
-‚P‚Q‚R‚S‚T
-ƒvƒƒOƒ‰ƒ€
-‚`‚a‚b‚c‚d
-I”“•
-“ú–{ŒêŠ¿š
-—op–{
-QH„ƒC
-“ú–{„ƒC
 
/japanese.at:122: exit code was 127, expected 0
4. japanese.at:1: 4. japanese (japanese.at:1): FAILED (japanese.at:122)


